#
# There is insufficient memory for the Java Runtime Environment to continue.
# Native memory allocation (malloc) failed to allocate 32744 bytes for ChunkPool::allocate
# Possible reasons:
#   The system is out of physical RAM or swap space
#   In 32 bit mode, the process size limit was hit
# Possible solutions:
#   Reduce memory load on the system
#   Increase physical memory or swap space
#   Check if swap backing store is full
#   Use 64 bit Java on a 64 bit OS
#   Decrease Java heap size (-Xmx/-Xms)
#   Decrease number of Java threads
#   Decrease Java thread stack sizes (-Xss)
#   Set larger code cache with -XX:ReservedCodeCacheSize=
# This output file may be truncated or incomplete.
#
#  Out of Memory Error (allocation.cpp:273), pid=588, tid=4748
#
# JRE version: Java(TM) SE Runtime Environment (8.0_91-b14) (build 1.8.0_91-b14)
# Java VM: Java HotSpot(TM) 64-Bit Server VM (25.91-b14 mixed mode windows-amd64 compressed oops)
# Failed to write core dump. Minidumps are not enabled by default on client versions of Windows
#

---------------  T H R E A D  ---------------

Current thread (0x0000000017321000):  JavaThread "C1 CompilerThread2" daemon [_thread_in_native, id=4748, stack(0x0000000017a10000,0x0000000017b10000)]

Stack: [0x0000000017a10000,0x0000000017b10000]
[error occurred during error reporting (printing stack bounds), id 0xc0000005]

Native frames: (J=compiled Java code, j=interpreted, Vv=VM code, C=native code)


Current CompileTask:
C1:    220  161       3      
[error occurred during error reporting (printing current compile task), id 0xe0000001]


---------------  P R O C E S S  ---------------

Java Threads: ( => current thread )
  0x00000000173b3000 JavaThread "Service Thread" daemon [_thread_blocked, id=5360, stack(0x0000000017bf0000,0x0000000017cf0000)]
=>0x0000000017321000 JavaThread "C1 CompilerThread2" daemon [_thread_in_native, id=4748, stack(0x0000000017a10000,0x0000000017b10000)]
  0x0000000017320800 JavaThread "C2 CompilerThread1" daemon [_thread_in_vm, id=2092, stack(0x00000000177f0000,0x00000000178f0000)]
  0x0000000015a26800 JavaThread "C2 CompilerThread0" daemon [_thread_blocked, id=14972, stack(0x0000000017210000,0x0000000017310000)]
  0x0000000015a24000 JavaThread "Attach Listener" daemon [_thread_blocked, id=5292, stack(0x00000000170e0000,0x00000000171e0000)]
  0x0000000015a20800 JavaThread "Signal Dispatcher" daemon [_thread_blocked, id=14800, stack(0x0000000016f40000,0x0000000017040000)]
  0x0000000015a09000 JavaThread "Finalizer" daemon [_thread_blocked, id=4932, stack(0x0000000016dd0000,0x0000000016ed0000)]
  0x00000000159c1800 JavaThread "Reference Handler" daemon [_thread_blocked, id=6140, stack(0x0000000016c50000,0x0000000016d50000)]
  0x0000000002b3d800 JavaThread "main" [_thread_in_vm, id=15216, stack(0x0000000002f00000,0x0000000003000000)]

Other Threads:
  0x00000000159ba000 VMThread [stack: 0x0000000016a80000,0x0000000016b80000] [id=8552]
  0x00000000173bb800 WatcherThread [stack: 0x0000000017d10000,0x0000000017e10000] [id=5148]

VM state:not at safepoint (normal execution)

VM Mutex/Monitor currently owned by a thread: None

Heap:
 PSYoungGen      total 18432K, used 1905K [0x00000000ebf80000, 0x00000000ed400000, 0x0000000100000000)
  eden space 15872K, 12% used [0x00000000ebf80000,0x00000000ec15c498,0x00000000ecf00000)
  from space 2560K, 0% used [0x00000000ed180000,0x00000000ed180000,0x00000000ed400000)
  to   space 2560K, 0% used [0x00000000ecf00000,0x00000000ecf00000,0x00000000ed180000)
 ParOldGen       total 42496K, used 0K [0x00000000c3e00000, 0x00000000c6780000, 0x00000000ebf80000)
  object space 42496K, 0% used [0x00000000c3e00000,0x00000000c3e00000,0x00000000c6780000)
 Metaspace       used 4038K, capacity 4700K, committed 4992K, reserved 1056768K
  class space    used 476K, capacity 543K, committed 640K, reserved 1048576K

Card table byte_map: [0x0000000012690000,0x0000000012880000] byte_map_base: 0x0000000012071000

Marking Bits: (ParMarkBitMap*) 0x00000000657a2f70
 Begin Bits: [0x0000000013030000, 0x0000000013f38000)
 End Bits:   [0x0000000013f38000, 0x0000000014e40000)

Polling page: 0x0000000002b40000

CodeCache: size=245760Kb used=1319Kb max_used=1319Kb free=244440Kb
 bounds [0x00000000032d0000, 0x0000000003540000, 0x00000000122d0000]
 total_blobs=431 nmethods=168 adapters=176
 compilation: enabled

Compilation events (10 events):
Event: 0.214 Thread 0x0000000017321000 nmethod 151 0x0000000003412790 code [0x0000000003412920, 0x0000000003412cf8]
Event: 0.214 Thread 0x0000000017321000  152       3       java.util.Collections$UnmodifiableCollection$1::hasNext (10 bytes)
Event: 0.214 Thread 0x0000000017321000 nmethod 152 0x0000000003412350 code [0x00000000034124c0, 0x00000000034126e8]
Event: 0.214 Thread 0x0000000017321000  154       1       java.lang.invoke.MethodHandle::type (5 bytes)
Event: 0.214 Thread 0x0000000017321000 nmethod 154 0x0000000003412090 code [0x00000000034121e0, 0x00000000034122f0]
Event: 0.214 Thread 0x0000000017321000  156       3       jdk.internal.org.objectweb.asm.Type::getArgumentsAndReturnSizes (151 bytes)
Event: 0.215 Thread 0x0000000017321000 nmethod 156 0x00000000034149d0 code [0x0000000003414c00, 0x0000000003415998]
Event: 0.215 Thread 0x0000000017321000  157       3       java.lang.invoke.InvokerBytecodeGenerator::isStaticallyNameable (116 bytes)
Event: 0.216 Thread 0x0000000017321000 nmethod 157 0x0000000003416350 code [0x00000000034166c0, 0x0000000003418738]
Event: 0.216 Thread 0x0000000017321000  161       3       jdk.internal.org.objectweb.asm.Frame::execute (2252 bytes)

GC Heap History (0 events):
No events

Deoptimization events (0 events):
No events

Internal exceptions (9 events):
Event: 0.067 Thread 0x0000000002b3d800 Exception <a 'java/lang/NoSuchMethodError': Method sun.misc.Unsafe.defineClass(Ljava/lang/String;[BII)Ljava/lang/Class; name or signature does not match> (0x00000000ebf87cc0) thrown at [C:\re\workspace\8-2-build-windows-amd64-cygwin\jdk8u91\6644\hotspot\srÆíÕŽQ±?
Event: 0.067 Thread 0x0000000002b3d800 Exception <a 'java/lang/NoSuchMethodError': Method sun.misc.Unsafe.prefetchRead(Ljava/lang/Object;J)V name or signature does not match> (0x00000000ebf87fa8) thrown at [C:\re\workspace\8-2-build-windows-amd64-cygwin\jdk8u91\6644\hotspot\src\share\vm\prims\j¡ùc¥€Å?
Event: 0.168 Thread 0x0000000002b3d800 Exception <a 'java/security/PrivilegedActionException'> (0x00000000ec009838) thrown at [C:\re\workspace\8-2-build-windows-amd64-cygwin\jdk8u91\6644\hotspot\src\share\vm\prims\jvm.cpp, line 1386]
Event: 0.168 Thread 0x0000000002b3d800 Exception <a 'java/security/PrivilegedActionException'> (0x00000000ec009a48) thrown at [C:\re\workspace\8-2-build-windows-amd64-cygwin\jdk8u91\6644\hotspot\src\share\vm\prims\jvm.cpp, line 1386]
Event: 0.169 Thread 0x0000000002b3d800 Exception <a 'java/security/PrivilegedActionException'> (0x00000000ec00d5f0) thrown at [C:\re\workspace\8-2-build-windows-amd64-cygwin\jdk8u91\6644\hotspot\src\share\vm\prims\jvm.cpp, line 1386]
Event: 0.169 Thread 0x0000000002b3d800 Exception <a 'java/security/PrivilegedActionException'> (0x00000000ec00d800) thrown at [C:\re\workspace\8-2-build-windows-amd64-cygwin\jdk8u91\6644\hotspot\src\share\vm\prims\jvm.cpp, line 1386]
Event: 0.176 Thread 0x0000000002b3d800 Exception <a 'java/io/FileNotFoundException'> (0x00000000ec00fd70) thrown at [C:\re\workspace\8-2-build-windows-amd64-cygwin\jdk8u91\6644\hotspot\src\share\vm\prims\jni.cpp, line 709]
Event: 0.217 Thread 0x0000000002b3d800 Exception <a 'java/lang/NoSuchFieldError': method resolution failed> (0x00000000ec12cc80) thrown at [C:\re\workspace\8-2-build-windows-amd64-cygwin\jdk8u91\6644\hotspot\src\share\vm\prims\methodHandles.cpp, line 1146]
Event: 0.219 Thread 0x0000000002b3d800 Exception <a 'java/lang/NoSuchFieldError': method resolution failed> (0x00000000ec13a050) thrown at [C:\re\workspace\8-2-build-windows-amd64-cygwin\jdk8u91\6644\hotspot\src\share\vm\prims\methodHandles.cpp, line 1146]

Events (10 events):
Event: 0.205 loading class java/lang/invoke/WrongMethodTypeException
Event: 0.205 loading class java/lang/invoke/WrongMethodTypeException done
Event: 0.207 loading class java/lang/invoke/MethodHandleImpl$Lazy
Event: 0.207 loading class java/lang/invoke/MethodHandleImpl$Lazy done
Event: 0.207 loading class java/lang/invoke/MethodHandleImpl$IntrinsicMethodHandle
Event: 0.207 loading class java/lang/invoke/MethodHandleImpl$IntrinsicMethodHandle done
Event: 0.217 loading class java/lang/NoSuchFieldError
Event: 0.217 loading class java/lang/NoSuchFieldError done
Event: 0.217 loading class java/lang/IllegalAccessException
Event: 0.217 loading class java/lang/IllegalAccessException done


Dynamic libraries:
0x000000013fa60000 - 0x000000013fa97000 	C:\Program Files\Java\jre1.8.0_91\bin\javaw.exe
0x0000000077600000 - 0x00000000777aa000 	C:\Windows\SYSTEM32\ntdll.dll
0x00000000774e0000 - 0x00000000775ff000 	C:\Windows\system32\kernel32.dll
0x000007fefd6a0000 - 0x000007fefd70a000 	C:\Windows\system32\KERNELBASE.dll
0x000007feff0c0000 - 0x000007feff19b000 	C:\Windows\system32\ADVAPI32.dll
0x000007fefd910000 - 0x000007fefd9af000 	C:\Windows\system32\msvcrt.dll
0x000007fefebe0000 - 0x000007fefebff000 	C:\Windows\SYSTEM32\sechost.dll
0x000007fefe9a0000 - 0x000007fefeacd000 	C:\Windows\system32\RPCRT4.dll
0x00000000773e0000 - 0x00000000774da000 	C:\Windows\system32\USER32.dll
0x000007fefe860000 - 0x000007fefe8c7000 	C:\Windows\system32\GDI32.dll
0x000007feff890000 - 0x000007feff89e000 	C:\Windows\system32\LPK.dll
0x000007fefe8d0000 - 0x000007fefe99a000 	C:\Windows\system32\USP10.dll
0x000007fefbcd0000 - 0x000007fefbec4000 	C:\Windows\WinSxS\amd64_microsoft.windows.common-controls_6595b64144ccf1df_6.0.7601.18837_none_fa3b1e3d17594757\COMCTL32.dll
0x000007fefee60000 - 0x000007fefeed1000 	C:\Windows\system32\SHLWAPI.dll
0x000007fefd1c0000 - 0x000007fefd217000 	C:\Windows\system32\apphelp.dll
0x000007fee8a10000 - 0x000007fee8c10000 	C:\Windows\AppPatch\AppPatch64\EMET64.dll
0x000007fefebb0000 - 0x000007fefebde000 	C:\Windows\system32\IMM32.DLL
0x000007fefd800000 - 0x000007fefd909000 	C:\Windows\system32\MSCTF.dll
0x0000000065b20000 - 0x0000000065bf2000 	C:\Program Files\Java\jre1.8.0_91\bin\msvcr100.dll
0x0000000064f90000 - 0x0000000065823000 	C:\Program Files\Java\jre1.8.0_91\bin\server\jvm.dll
0x000007fef2e30000 - 0x000007fef2e39000 	C:\Windows\system32\WSOCK32.dll
0x000007fefee10000 - 0x000007fefee5d000 	C:\Windows\system32\WS2_32.dll
0x000007feff900000 - 0x000007feff908000 	C:\Windows\system32\NSI.dll
0x000007fef9f00000 - 0x000007fef9f3b000 	C:\Windows\system32\WINMM.dll
0x000007fefc460000 - 0x000007fefc46c000 	C:\Windows\system32\VERSION.dll
0x00000000777c0000 - 0x00000000777c7000 	C:\Windows\system32\PSAPI.DLL
0x00000000726b0000 - 0x00000000726bf000 	C:\Program Files\Java\jre1.8.0_91\bin\verify.dll
0x0000000072680000 - 0x00000000726a9000 	C:\Program Files\Java\jre1.8.0_91\bin\java.dll
0x0000000072450000 - 0x0000000072466000 	C:\Program Files\Java\jre1.8.0_91\bin\zip.dll
0x000007fefd9b0000 - 0x000007fefe73c000 	C:\Windows\system32\SHELL32.dll
0x000007fefec00000 - 0x000007fefee03000 	C:\Windows\system32\ole32.dll
0x000007fefd380000 - 0x000007fefd38f000 	C:\Windows\system32\profapi.dll
0x0000000051360000 - 0x00000000514f8000 	C:\Program Files\Java\jre1.8.0_91\bin\awt.dll
0x000007fefead0000 - 0x000007fefeba8000 	C:\Windows\system32\OLEAUT32.dll

VM Arguments:
jvm_args: -Dfile.encoding=Cp1252 
java_command: BPP.BPP_Simulator
java_class_path (initial): C:\Users\Tech-laptop\workspace\kbs\bin
Launcher Type: SUN_STANDARD

Environment Variables:
PATH=C:\ProgramData\Oracle\Java\javapath;C:\Windows\system32;C:\Windows;C:\Windows\System32\Wbem;C:\Windows\System32\WindowsPowerShell\v1.0\;C:\Program Files (x86)\Microsoft Application Virtualization Client
USERNAME=Tech-laptop
OS=Windows_NT
PROCESSOR_IDENTIFIER=Intel64 Family 6 Model 42 Stepping 7, GenuineIntel



---------------  S Y S T E M  ---------------

OS: Windows 7 , 64 bit Build 7601 (6.1.7601.23349)

CPU:total 4 (2 cores per cpu, 2 threads per core) family 6 model 42 stepping 7, cmov, cx8, fxsr, mmx, sse, sse2, sse3, ssse3, sse4.1, sse4.2, popcnt, avx, aes, clmul, ht, tsc, tscinvbit

Memory: 4k page, physical 3936064k(665944k free), swap 15742400k(5116k free)

vm_info: Java HotSpot(TM) 64-Bit Server VM (25.91-b14) for windows-amd64 JRE (1.8.0_91-b14), built on Apr  1 2016 00:58:32 by "java_re" with MS VC++ 10.0 (VS2010)

time: Tue Apr 26 12:00:13 2016
elapsed time: 0 seconds (0d 0h 0m 0s)

