#
# A fatal error has been detected by the Java Runtime Environment:
#
#  Internal Error (0xc06d007e), pid=9740, tid=15224
#
# JRE version:  (8.0_91-b14) (build )
# Java VM: Java HotSpot(TM) 64-Bit Server VM (25.91-b14 mixed mode windows-amd64 compressed oops)
# Problematic frame:
# C  [KERNELBASE.dll+0x1a06d]
#
# Failed to write core dump. Minidumps are not enabled by default on client versions of Windows
#
# If you would like to submit a bug report, please visit:
#   http://bugreport.java.com/bugreport/crash.jsp
# The crash happened outside the Java Virtual Machine in native code.
# See problematic frame for where to report the bug.
#

---------------  T H R E A D  ---------------

Current thread (0x000000000269d800):  JavaThread "main" [_thread_in_native, id=15224, stack(0x0000000002730000,0x0000000002830000)]

siginfo: ExceptionCode=0xc06d007e, ExceptionInformation=0x000000000282e810 

Registers:
RAX=0x00000000757f7cc6, RBX=0x0000000000000000, RCX=0x000000000282e110, RDX=0x0000000000000160
RSP=0x000000000282e720, RBP=0x000000000282e868, RSI=0x000000007269d874, RDI=0x0000000000000000
R8 =0x0000000000000000, R9 =0x0000000000000000, R10=0x0000000000000000, R11=0x000000000282e760
R12=0x0000000000000001, R13=0x00000000726a5780, R14=0x00000000726a5510, R15=0x000000007269d900
RIP=0x000007fefd6ba06d, EFLAGS=0x0000000000000206

Top of Stack: (sp=0x000000000282e720)
0x000000000282e720:   0000000000000000 000000007269d874
0x000000000282e730:   0000000000000000 0000000000000000
0x000000000282e740:   00000000c06d007e 0000000000000000
0x000000000282e750:   000007fefd6ba06d 0000000000000001
0x000000000282e760:   000000000282e810 000000007269d874
0x000000000282e770:   0000000000000000 0000000000000001
0x000000000282e780:   0000000000000000 0000000000000000
0x000000000282e790:   000000007269cb40 000000000282e868
0x000000000282e7a0:   000000007269b6cc 0000000065b420da
0x000000000282e7b0:   000000000000002e 0000000065b5d79a
0x000000000282e7c0:   0000000002547980 0000000065b74e7e
0x000000000282e7d0:   000000007269b6cc 0000000065b45695
0x000000000282e7e0:   0000000065bd37e0 0000000072698887
0x000000000282e7f0:   000000007269cb40 0000000000000000
0x000000000282e800:   0000000000000000 0000000000000001
0x000000000282e810:   0000000000000048 000000007269d874 

Instructions: (pc=0x000007fefd6ba06d)
0x000007fefd6ba04d:   54 24 24 48 89 4c 24 28 4d 85 c9 0f 85 6a 03 00
0x000007fefd6ba05d:   00 89 4c 24 38 48 8d 4c 24 20 ff 15 33 02 03 00
0x000007fefd6ba06d:   48 81 c4 c8 00 00 00 c3 90 90 90 90 90 90 90 90
0x000007fefd6ba07d:   90 90 90 48 83 ec 28 65 48 8b 04 25 30 00 00 00 


Register to memory mapping:

RAX=0x00000000757f7cc6 is an unknown value
RBX=0x0000000000000000 is an unknown value
RCX=0x000000000282e110 is pointing into the stack for thread: 0x000000000269d800
RDX=0x0000000000000160 is an unknown value
RSP=0x000000000282e720 is pointing into the stack for thread: 0x000000000269d800
RBP=0x000000000282e868 is pointing into the stack for thread: 0x000000000269d800
RSI=0x000000007269d874 is an unknown value
RDI=0x0000000000000000 is an unknown value
R8 =0x0000000000000000 is an unknown value
R9 =0x0000000000000000 is an unknown value
R10=0x0000000000000000 is an unknown value
R11=0x000000000282e760 is pointing into the stack for thread: 0x000000000269d800
R12=0x0000000000000001 is an unknown value
R13=0x00000000726a5780 is an unknown value
R14=0x00000000726a5510 is an unknown value
R15=0x000000007269d900 is an unknown value


Stack: [0x0000000002730000,0x0000000002830000],  sp=0x000000000282e720,  free space=1017k
Native frames: (J=compiled Java code, j=interpreted, Vv=VM code, C=native code)
C  [KERNELBASE.dll+0x1a06d]

Java frames: (J=compiled Java code, j=interpreted, Vv=VM code)
j  java.lang.System.initProperties(Ljava/util/Properties;)Ljava/util/Properties;+0
j  java.lang.System.initializeSystemClass()V+13
v  ~StubRoutines::call_stub

---------------  P R O C E S S  ---------------

Java Threads: ( => current thread )
  0x00000000153e9000 JavaThread "Finalizer" daemon [_thread_blocked, id=7936, stack(0x0000000016440000,0x0000000016540000)]
  0x00000000153a1800 JavaThread "Reference Handler" daemon [_thread_blocked, id=13716, stack(0x0000000016610000,0x0000000016710000)]
=>0x000000000269d800 JavaThread "main" [_thread_in_native, id=15224, stack(0x0000000002730000,0x0000000002830000)]

Other Threads:
  0x000000001539a000 VMThread [stack: 0x0000000016320000,0x0000000016420000] [id=14460]

VM state:not at safepoint (normal execution)

VM Mutex/Monitor currently owned by a thread: None

Heap:
 PSYoungGen      total 18432K, used 317K [0x00000000ebf80000, 0x00000000ed400000, 0x0000000100000000)
  eden space 15872K, 2% used [0x00000000ebf80000,0x00000000ebfcf5d0,0x00000000ecf00000)
  from space 2560K, 0% used [0x00000000ed180000,0x00000000ed180000,0x00000000ed400000)
  to   space 2560K, 0% used [0x00000000ecf00000,0x00000000ecf00000,0x00000000ed180000)
 ParOldGen       total 42496K, used 0K [0x00000000c3e00000, 0x00000000c6780000, 0x00000000ebf80000)
  object space 42496K, 0% used [0x00000000c3e00000,0x00000000c3e00000,0x00000000c6780000)
 Metaspace       used 1066K, capacity 4480K, committed 4480K, reserved 1056768K
  class space    used 116K, capacity 384K, committed 384K, reserved 1048576K

Card table byte_map: [0x0000000011f40000,0x0000000012130000] byte_map_base: 0x0000000011921000

Marking Bits: (ParMarkBitMap*) 0x00000000657a2f70
 Begin Bits: [0x0000000012a10000, 0x0000000013918000)
 End Bits:   [0x0000000013918000, 0x0000000014820000)

Polling page: 0x0000000002420000

CodeCache: size=245760Kb used=404Kb max_used=404Kb free=245356Kb
 bounds [0x0000000002b80000, 0x0000000002df0000, 0x0000000011b80000]
 total_blobs=103 nmethods=0 adapters=77
 compilation: enabled

Compilation events (0 events):
No events

GC Heap History (0 events):
No events

Deoptimization events (0 events):
No events

Internal exceptions (2 events):
Event: 0.065 Thread 0x000000000269d800 Exception <a 'java/lang/NoSuchMethodError': Method sun.misc.Unsafe.defineClass(Ljava/lang/String;[BII)Ljava/lang/Class; name or signature does not match> (0x00000000ebf87cc0) thrown at [C:\re\workspace\8-2-build-windows-amd64-cygwin\jdk8u91\6644\hotspot\sr‡ˆÉ°?
Event: 0.066 Thread 0x000000000269d800 Exception <a 'java/lang/NoSuchMethodError': Method sun.misc.Unsafe.prefetchRead(Ljava/lang/Object;J)V name or signature does not match> (0x00000000ebf87fa8) thrown at [C:\re\workspace\8-2-build-windows-amd64-cygwin\jdk8u91\6644\hotspot\src\share\vm\prims\j

Events (10 events):
Event: 0.067 loading class java/util/HashMap$Node done
Event: 0.067 loading class sun/misc/VM
Event: 0.067 loading class sun/misc/VM done
Event: 0.068 loading class java/util/Hashtable$Entry
Event: 0.068 loading class java/util/Hashtable$Entry done
Event: 0.068 loading class java/lang/Math
Event: 0.068 loading class java/lang/Math done
Event: 0.068 loading class java/lang/ref/Finalizer$FinalizerThread
Event: 0.068 loading class java/lang/ref/Finalizer$FinalizerThread done
Event: 0.069 Thread 0x00000000153e9000 Thread added: 0x00000000153e9000


Dynamic libraries:
0x000000013fa60000 - 0x000000013fa97000 	C:\Program Files\Java\jre1.8.0_91\bin\javaw.exe
0x0000000077600000 - 0x00000000777aa000 	C:\Windows\SYSTEM32\ntdll.dll
0x00000000774e0000 - 0x00000000775ff000 	C:\Windows\system32\kernel32.dll
0x000007fefd6a0000 - 0x000007fefd70a000 	C:\Windows\system32\KERNELBASE.dll
0x000007feff0c0000 - 0x000007feff19b000 	C:\Windows\system32\ADVAPI32.dll
0x000007fefd910000 - 0x000007fefd9af000 	C:\Windows\system32\msvcrt.dll
0x000007fefebe0000 - 0x000007fefebff000 	C:\Windows\SYSTEM32\sechost.dll
0x000007fefe9a0000 - 0x000007fefeacd000 	C:\Windows\system32\RPCRT4.dll
0x00000000773e0000 - 0x00000000774da000 	C:\Windows\system32\USER32.dll
0x000007fefe860000 - 0x000007fefe8c7000 	C:\Windows\system32\GDI32.dll
0x000007feff890000 - 0x000007feff89e000 	C:\Windows\system32\LPK.dll
0x000007fefe8d0000 - 0x000007fefe99a000 	C:\Windows\system32\USP10.dll
0x000007fefbcd0000 - 0x000007fefbec4000 	C:\Windows\WinSxS\amd64_microsoft.windows.common-controls_6595b64144ccf1df_6.0.7601.18837_none_fa3b1e3d17594757\COMCTL32.dll
0x000007fefee60000 - 0x000007fefeed1000 	C:\Windows\system32\SHLWAPI.dll
0x000007fefd1c0000 - 0x000007fefd217000 	C:\Windows\system32\apphelp.dll
0x000007fee8a10000 - 0x000007fee8c10000 	C:\Windows\AppPatch\AppPatch64\EMET64.dll
0x000007fefebb0000 - 0x000007fefebde000 	C:\Windows\system32\IMM32.DLL
0x000007fefd800000 - 0x000007fefd909000 	C:\Windows\system32\MSCTF.dll
0x0000000065b20000 - 0x0000000065bf2000 	C:\Program Files\Java\jre1.8.0_91\bin\msvcr100.dll
0x0000000064f90000 - 0x0000000065823000 	C:\Program Files\Java\jre1.8.0_91\bin\server\jvm.dll
0x000007fef2e30000 - 0x000007fef2e39000 	C:\Windows\system32\WSOCK32.dll
0x000007fefee10000 - 0x000007fefee5d000 	C:\Windows\system32\WS2_32.dll
0x000007feff900000 - 0x000007feff908000 	C:\Windows\system32\NSI.dll
0x000007fef9f00000 - 0x000007fef9f3b000 	C:\Windows\system32\WINMM.dll
0x000007fefc460000 - 0x000007fefc46c000 	C:\Windows\system32\VERSION.dll
0x00000000777c0000 - 0x00000000777c7000 	C:\Windows\system32\PSAPI.DLL
0x00000000726b0000 - 0x00000000726bf000 	C:\Program Files\Java\jre1.8.0_91\bin\verify.dll
0x0000000072680000 - 0x00000000726a9000 	C:\Program Files\Java\jre1.8.0_91\bin\java.dll
0x0000000072450000 - 0x0000000072466000 	C:\Program Files\Java\jre1.8.0_91\bin\zip.dll

VM Arguments:
jvm_args: -Dfile.encoding=Cp1252 
java_command: BPP.BPP_Simulator
java_class_path (initial): C:\Users\Tech-laptop\workspace\kbs\bin
Launcher Type: SUN_STANDARD

Environment Variables:
PATH=C:\ProgramData\Oracle\Java\javapath;C:\Windows\system32;C:\Windows;C:\Windows\System32\Wbem;C:\Windows\System32\WindowsPowerShell\v1.0\;C:\Program Files (x86)\Microsoft Application Virtualization Client
USERNAME=Tech-laptop
OS=Windows_NT
PROCESSOR_IDENTIFIER=Intel64 Family 6 Model 42 Stepping 7, GenuineIntel



---------------  S Y S T E M  ---------------

OS: Windows 7 , 64 bit Build 7601 (6.1.7601.23349)

CPU:total 4 (2 cores per cpu, 2 threads per core) family 6 model 42 stepping 7, cmov, cx8, fxsr, mmx, sse, sse2, sse3, ssse3, sse4.1, sse4.2, popcnt, avx, aes, clmul, ht, tsc, tscinvbit

Memory: 4k page, physical 3936064k(655760k free), swap 15742400k(5084k free)

vm_info: Java HotSpot(TM) 64-Bit Server VM (25.91-b14) for windows-amd64 JRE (1.8.0_91-b14), built on Apr  1 2016 00:58:32 by "java_re" with MS VC++ 10.0 (VS2010)

time: Tue Apr 26 12:00:00 2016
elapsed time: 0 seconds (0d 0h 0m 0s)

